
*** Running vivado
    with args -log TOP.vds -m64 -product Vivado -mode batch -messageDb vivado.pb -notrace -source TOP.tcl



****** Vivado v2022.1 (64-bit)
  **** SW Build 3526262 on Mon Apr 18 15:48:16 MDT 2022
  **** IP Build 3524634 on Mon Apr 18 20:55:01 MDT 2022
    ** Copyright 1986-2022 Xilinx, Inc. All Rights Reserved.

source TOP.tcl -notrace
Command: read_checkpoint -auto_incremental -incremental C:/Users/sed/Downloads/trab/trabajos/trabajos.srcs/utils_1/imports/synth_1/TOP.dcp
INFO: [Vivado 12-5825] Read reference checkpoint from C:/Users/sed/Downloads/trab/trabajos/trabajos.srcs/utils_1/imports/synth_1/TOP.dcp for incremental synthesis
INFO: [Vivado 12-7989] Please ensure there are no constraint changes
Command: synth_design -top TOP -part xc7a100tcsg324-1
Starting synth_design
Attempting to get a license for feature 'Synthesis' and/or device 'xc7a100t'
INFO: [Common 17-349] Got license for feature 'Synthesis' and/or device 'xc7a100t'
INFO: [Device 21-403] Loading part xc7a100tcsg324-1
INFO: [Designutils 20-5440] No compile time benefit to using incremental synthesis; A full resynthesis will be run
INFO: [Designutils 20-4379] Flow is switching to default flow due to incremental criteria not met. If you would like to alter this behaviour and have the flow terminate instead, please set the following parameter config_implementation {autoIncr.Synth.RejectBehavior Terminate}
INFO: [Synth 8-7079] Multithreading enabled for synth_design using a maximum of 2 processes.
INFO: [Synth 8-7078] Launching helper process for spawning children vivado processes
INFO: [Synth 8-7075] Helper process launched with PID 1968
---------------------------------------------------------------------------------
Starting RTL Elaboration : Time (s): cpu = 00:00:05 ; elapsed = 00:00:05 . Memory (MB): peak = 1294.117 ; gain = 0.000
---------------------------------------------------------------------------------
INFO: [Synth 8-638] synthesizing module 'TOP' [C:/Users/sed/Downloads/trab/trabajos/trabajos.srcs/sources_1/new/TOP.vhd:53]
	Parameter NUM_PISOS bound to: 4 - type: integer 
	Parameter NUM_CICLOS bound to: 32 - type: integer 
INFO: [Synth 8-3491] module 'BOTON2NATURAL' declared at 'C:/Users/sed/Downloads/trab/trabajos/trabajos.srcs/sources_1/new/BOTON2NATURAL.vhd:5' bound to instance 'sensor_planta' of component 'BOTON2NATURAL' [C:/Users/sed/Downloads/trab/trabajos/trabajos.srcs/sources_1/new/TOP.vhd:109]
INFO: [Synth 8-638] synthesizing module 'BOTON2NATURAL' [C:/Users/sed/Downloads/trab/trabajos/trabajos.srcs/sources_1/new/BOTON2NATURAL.vhd:22]
	Parameter NUM_PISOS bound to: 4 - type: integer 
	Parameter NUM_CICLOS bound to: 32 - type: integer 
	Parameter NUM_PISOS bound to: 4 - type: integer 
	Parameter NUM_CICLOS bound to: 32 - type: integer 
INFO: [Synth 8-3491] module 'BOTONERA' declared at 'C:/Users/sed/Downloads/trab/trabajos/trabajos.srcs/sources_1/new/BOTONERA.vhd:6' bound to instance 'BOT' of component 'BOTONERA' [C:/Users/sed/Downloads/trab/trabajos/trabajos.srcs/sources_1/new/BOTON2NATURAL.vhd:59]
INFO: [Synth 8-638] synthesizing module 'BOTONERA' [C:/Users/sed/Downloads/trab/trabajos/trabajos.srcs/sources_1/new/BOTONERA.vhd:25]
	Parameter NUM_PISOS bound to: 4 - type: integer 
	Parameter NUM_CICLOS bound to: 32 - type: integer 
	Parameter NUM_CICLOS bound to: 32 - type: integer 
INFO: [Synth 8-3491] module 'ESTAB_BOT' declared at 'C:/Users/sed/Downloads/trab/trabajos/trabajos.srcs/sources_1/new/ESTAB_BOT.vhd:5' bound to instance 'BOTON_i' of component 'ESTAB_BOT' [C:/Users/sed/Downloads/trab/trabajos/trabajos.srcs/sources_1/new/BOTONERA.vhd:45]
INFO: [Synth 8-638] synthesizing module 'ESTAB_BOT' [C:/Users/sed/Downloads/trab/trabajos/trabajos.srcs/sources_1/new/ESTAB_BOT.vhd:23]
	Parameter NUM_CICLOS bound to: 32 - type: integer 
INFO: [Synth 8-3491] module 'SYNCHRNZR' declared at 'C:/Users/sed/Downloads/trab/trabajos/trabajos.srcs/sources_1/new/SYNCHRNZR.vhd:4' bound to instance 'SINCRONIZADO' of component 'SYNCHRNZR' [C:/Users/sed/Downloads/trab/trabajos/trabajos.srcs/sources_1/new/ESTAB_BOT.vhd:71]
INFO: [Synth 8-638] synthesizing module 'SYNCHRNZR' [C:/Users/sed/Downloads/trab/trabajos/trabajos.srcs/sources_1/new/SYNCHRNZR.vhd:17]
INFO: [Synth 8-256] done synthesizing module 'SYNCHRNZR' (0#1) [C:/Users/sed/Downloads/trab/trabajos/trabajos.srcs/sources_1/new/SYNCHRNZR.vhd:17]
INFO: [Synth 8-3491] module 'EDGEDTCTR' declared at 'C:/Users/sed/Downloads/trab/trabajos/trabajos.srcs/sources_1/new/EDGEDTCTR.vhd:4' bound to instance 'FLANCO' of component 'EDGEDTCTR' [C:/Users/sed/Downloads/trab/trabajos/trabajos.srcs/sources_1/new/ESTAB_BOT.vhd:83]
INFO: [Synth 8-638] synthesizing module 'EDGEDTCTR' [C:/Users/sed/Downloads/trab/trabajos/trabajos.srcs/sources_1/new/EDGEDTCTR.vhd:17]
INFO: [Synth 8-256] done synthesizing module 'EDGEDTCTR' (0#1) [C:/Users/sed/Downloads/trab/trabajos/trabajos.srcs/sources_1/new/EDGEDTCTR.vhd:17]
	Parameter N_CICLOS bound to: 32 - type: integer 
INFO: [Synth 8-3491] module 'DBNCR' declared at 'C:/Users/sed/Downloads/trab/trabajos/trabajos.srcs/sources_1/new/DBNCR.vhd:7' bound to instance 'ANTIRREBOTE' of component 'DBNCR' [C:/Users/sed/Downloads/trab/trabajos/trabajos.srcs/sources_1/new/ESTAB_BOT.vhd:94]
INFO: [Synth 8-638] synthesizing module 'DBNCR' [C:/Users/sed/Downloads/trab/trabajos/trabajos.srcs/sources_1/new/DBNCR.vhd:23]
	Parameter N_CICLOS bound to: 32 - type: integer 
INFO: [Synth 8-226] default block is never used [C:/Users/sed/Downloads/trab/trabajos/trabajos.srcs/sources_1/new/DBNCR.vhd:59]
INFO: [Synth 8-256] done synthesizing module 'DBNCR' (0#1) [C:/Users/sed/Downloads/trab/trabajos/trabajos.srcs/sources_1/new/DBNCR.vhd:23]
INFO: [Synth 8-256] done synthesizing module 'ESTAB_BOT' (0#1) [C:/Users/sed/Downloads/trab/trabajos/trabajos.srcs/sources_1/new/ESTAB_BOT.vhd:23]
	Parameter NUM_CICLOS bound to: 32 - type: integer 
INFO: [Synth 8-3491] module 'ESTAB_BOT' declared at 'C:/Users/sed/Downloads/trab/trabajos/trabajos.srcs/sources_1/new/ESTAB_BOT.vhd:5' bound to instance 'BOTON_i' of component 'ESTAB_BOT' [C:/Users/sed/Downloads/trab/trabajos/trabajos.srcs/sources_1/new/BOTONERA.vhd:45]
	Parameter NUM_CICLOS bound to: 32 - type: integer 
INFO: [Synth 8-3491] module 'ESTAB_BOT' declared at 'C:/Users/sed/Downloads/trab/trabajos/trabajos.srcs/sources_1/new/ESTAB_BOT.vhd:5' bound to instance 'BOTON_i' of component 'ESTAB_BOT' [C:/Users/sed/Downloads/trab/trabajos/trabajos.srcs/sources_1/new/BOTONERA.vhd:45]
	Parameter NUM_CICLOS bound to: 32 - type: integer 
INFO: [Synth 8-3491] module 'ESTAB_BOT' declared at 'C:/Users/sed/Downloads/trab/trabajos/trabajos.srcs/sources_1/new/ESTAB_BOT.vhd:5' bound to instance 'BOTON_i' of component 'ESTAB_BOT' [C:/Users/sed/Downloads/trab/trabajos/trabajos.srcs/sources_1/new/BOTONERA.vhd:45]
INFO: [Synth 8-256] done synthesizing module 'BOTONERA' (0#1) [C:/Users/sed/Downloads/trab/trabajos/trabajos.srcs/sources_1/new/BOTONERA.vhd:25]
	Parameter N_PISOS bound to: 4 - type: integer 
INFO: [Synth 8-3491] module 'ENC_INTEGER' declared at 'C:/Users/sed/Downloads/trab/trabajos/trabajos.srcs/sources_1/new/ENC_INTEGER.vhd:5' bound to instance 'ENC' of component 'ENC_INTEGER' [C:/Users/sed/Downloads/trab/trabajos/trabajos.srcs/sources_1/new/BOTON2NATURAL.vhd:76]
INFO: [Synth 8-638] synthesizing module 'ENC_INTEGER' [C:/Users/sed/Downloads/trab/trabajos/trabajos.srcs/sources_1/new/ENC_INTEGER.vhd:18]
	Parameter N_PISOS bound to: 4 - type: integer 
INFO: [Synth 8-256] done synthesizing module 'ENC_INTEGER' (0#1) [C:/Users/sed/Downloads/trab/trabajos/trabajos.srcs/sources_1/new/ENC_INTEGER.vhd:18]
INFO: [Synth 8-256] done synthesizing module 'BOTON2NATURAL' (0#1) [C:/Users/sed/Downloads/trab/trabajos/trabajos.srcs/sources_1/new/BOTON2NATURAL.vhd:22]
	Parameter NUM_PISOS bound to: 4 - type: integer 
	Parameter NUM_CICLOS bound to: 32 - type: integer 
INFO: [Synth 8-3491] module 'BOTON2NATURAL' declared at 'C:/Users/sed/Downloads/trab/trabajos/trabajos.srcs/sources_1/new/BOTON2NATURAL.vhd:5' bound to instance 'boton_piso' of component 'BOTON2NATURAL' [C:/Users/sed/Downloads/trab/trabajos/trabajos.srcs/sources_1/new/TOP.vhd:124]
INFO: [Synth 8-3491] module 'MAQ_ESTADOS' declared at 'C:/Users/sed/Downloads/trab/trabajos/trabajos.srcs/sources_1/new/MAQ_ESTADOS.vhd:6' bound to instance 'maq_est' of component 'MAQ_ESTADOS' [C:/Users/sed/Downloads/trab/trabajos/trabajos.srcs/sources_1/new/TOP.vhd:139]
INFO: [Synth 8-638] synthesizing module 'MAQ_ESTADOS' [C:/Users/sed/Downloads/trab/trabajos/trabajos.srcs/sources_1/new/MAQ_ESTADOS.vhd:18]
INFO: [Synth 8-256] done synthesizing module 'MAQ_ESTADOS' (0#1) [C:/Users/sed/Downloads/trab/trabajos/trabajos.srcs/sources_1/new/MAQ_ESTADOS.vhd:18]
INFO: [Synth 8-3491] module 'Comparador' declared at 'C:/Users/sed/Downloads/trab/trabajos/trabajos.srcs/sources_1/new/Comparador.vhd:30' bound to instance 'comp' of component 'Comparador' [C:/Users/sed/Downloads/trab/trabajos/trabajos.srcs/sources_1/new/TOP.vhd:150]
INFO: [Synth 8-638] synthesizing module 'Comparador' [C:/Users/sed/Downloads/trab/trabajos/trabajos.srcs/sources_1/new/Comparador.vhd:41]
INFO: [Synth 8-256] done synthesizing module 'Comparador' (0#1) [C:/Users/sed/Downloads/trab/trabajos/trabajos.srcs/sources_1/new/Comparador.vhd:41]
INFO: [Synth 8-256] done synthesizing module 'TOP' (0#1) [C:/Users/sed/Downloads/trab/trabajos/trabajos.srcs/sources_1/new/TOP.vhd:53]
---------------------------------------------------------------------------------
Finished RTL Elaboration : Time (s): cpu = 00:00:07 ; elapsed = 00:00:07 . Memory (MB): peak = 1294.117 ; gain = 0.000
---------------------------------------------------------------------------------
---------------------------------------------------------------------------------
Start Handling Custom Attributes
---------------------------------------------------------------------------------
---------------------------------------------------------------------------------
Finished Handling Custom Attributes : Time (s): cpu = 00:00:07 ; elapsed = 00:00:07 . Memory (MB): peak = 1294.117 ; gain = 0.000
---------------------------------------------------------------------------------
---------------------------------------------------------------------------------
Finished RTL Optimization Phase 1 : Time (s): cpu = 00:00:07 ; elapsed = 00:00:07 . Memory (MB): peak = 1294.117 ; gain = 0.000
---------------------------------------------------------------------------------
Netlist sorting complete. Time (s): cpu = 00:00:00 ; elapsed = 00:00:00.005 . Memory (MB): peak = 1294.117 ; gain = 0.000
INFO: [Project 1-570] Preparing netlist for logic optimization

Processing XDC Constraints
Initializing timing engine
Parsing XDC File [C:/Users/sed/Downloads/trab/trabajos/Nexys4DDR_Master.xdc]
Finished Parsing XDC File [C:/Users/sed/Downloads/trab/trabajos/Nexys4DDR_Master.xdc]
INFO: [Project 1-236] Implementation specific constraints were found while reading constraint file [C:/Users/sed/Downloads/trab/trabajos/Nexys4DDR_Master.xdc]. These constraints will be ignored for synthesis but will be used in implementation. Impacted constraints are listed in the file [.Xil/TOP_propImpl.xdc].
Resolution: To avoid this warning, move constraints listed in [.Xil/TOP_propImpl.xdc] to another XDC file and exclude this new file from synthesis with the used_in_synthesis property (File Properties dialog in GUI) and re-run elaboration/synthesis.
Completed Processing XDC Constraints

Netlist sorting complete. Time (s): cpu = 00:00:00 ; elapsed = 00:00:00 . Memory (MB): peak = 1294.117 ; gain = 0.000
INFO: [Project 1-111] Unisim Transformation Summary:
No Unisim elements were transformed.

Constraint Validation Runtime : Time (s): cpu = 00:00:00 ; elapsed = 00:00:00.003 . Memory (MB): peak = 1294.117 ; gain = 0.000
INFO: [Designutils 20-5440] No compile time benefit to using incremental synthesis; A full resynthesis will be run
INFO: [Designutils 20-4379] Flow is switching to default flow due to incremental criteria not met. If you would like to alter this behaviour and have the flow terminate instead, please set the following parameter config_implementation {autoIncr.Synth.RejectBehavior Terminate}
---------------------------------------------------------------------------------
Finished Constraint Validation : Time (s): cpu = 00:00:14 ; elapsed = 00:00:15 . Memory (MB): peak = 1294.117 ; gain = 0.000
---------------------------------------------------------------------------------
---------------------------------------------------------------------------------
Start Loading Part and Timing Information
---------------------------------------------------------------------------------
Loading part: xc7a100tcsg324-1
---------------------------------------------------------------------------------
Finished Loading Part and Timing Information : Time (s): cpu = 00:00:14 ; elapsed = 00:00:15 . Memory (MB): peak = 1294.117 ; gain = 0.000
---------------------------------------------------------------------------------
---------------------------------------------------------------------------------
Start Applying 'set_property' XDC Constraints
---------------------------------------------------------------------------------
---------------------------------------------------------------------------------
Finished applying 'set_property' XDC Constraints : Time (s): cpu = 00:00:15 ; elapsed = 00:00:15 . Memory (MB): peak = 1294.117 ; gain = 0.000
---------------------------------------------------------------------------------
INFO: [Synth 8-802] inferred FSM for state register 'estado_actual_reg' in module 'DBNCR'
INFO: [Synth 8-802] inferred FSM for state register 'state_reg' in module 'MAQ_ESTADOS'
---------------------------------------------------------------------------------------------------
                   State |                     New Encoding |                Previous Encoding 
---------------------------------------------------------------------------------------------------
               s0_espera |                             0001 |                               00
           s1_recibiendo |                             0010 |                               01
             s2_contando |                             0100 |                               10
                  s3_fin |                             1000 |                               11
---------------------------------------------------------------------------------------------------
INFO: [Synth 8-3354] encoded FSM with state register 'estado_actual_reg' using encoding 'one-hot' in module 'DBNCR'
WARNING: [Synth 8-327] inferring latch for variable 'PISO_reg' [C:/Users/sed/Downloads/trab/trabajos/trabajos.srcs/sources_1/new/ENC_INTEGER.vhd:26]
---------------------------------------------------------------------------------------------------
                   State |                     New Encoding |                Previous Encoding 
---------------------------------------------------------------------------------------------------
              s0_waiting |                              001 |                               00
              s1_goingup |                              010 |                               01
              s2_goingdn |                              100 |                               10
---------------------------------------------------------------------------------------------------
INFO: [Synth 8-3354] encoded FSM with state register 'state_reg' using encoding 'one-hot' in module 'MAQ_ESTADOS'
---------------------------------------------------------------------------------
Finished RTL Optimization Phase 2 : Time (s): cpu = 00:00:15 ; elapsed = 00:00:15 . Memory (MB): peak = 1294.117 ; gain = 0.000
---------------------------------------------------------------------------------
---------------------------------------------------------------------------------
Start RTL Component Statistics 
---------------------------------------------------------------------------------
Detailed RTL Component Info : 
+---Adders : 
	   2 Input    6 Bit       Adders := 8     
+---Registers : 
	                6 Bit    Registers := 8     
	                3 Bit    Registers := 8     
	                2 Bit    Registers := 8     
	                1 Bit    Registers := 8     
+---Muxes : 
	   4 Input    6 Bit        Muxes := 8     
	   4 Input    4 Bit        Muxes := 8     
	   2 Input    4 Bit        Muxes := 8     
	   3 Input    3 Bit        Muxes := 1     
	   2 Input    3 Bit        Muxes := 4     
	   4 Input    2 Bit        Muxes := 2     
	   2 Input    1 Bit        Muxes := 41    
	   4 Input    1 Bit        Muxes := 16    
	   3 Input    1 Bit        Muxes := 1     
---------------------------------------------------------------------------------
Finished RTL Component Statistics 
---------------------------------------------------------------------------------
---------------------------------------------------------------------------------
Start Part Resource Summary
---------------------------------------------------------------------------------
Part Resources:
DSPs: 240 (col length:80)
BRAMs: 270 (col length: RAMB18 80 RAMB36 40)
---------------------------------------------------------------------------------
Finished Part Resource Summary
---------------------------------------------------------------------------------
---------------------------------------------------------------------------------
Start Cross Boundary and Area Optimization
---------------------------------------------------------------------------------
WARNING: [Synth 8-7080] Parallel synthesis criteria is not met
WARNING: [Synth 8-3332] Sequential element (sensor_planta/ENC/PISO_reg[30]) is unused and will be removed from module TOP.
WARNING: [Synth 8-3332] Sequential element (boton_piso/ENC/PISO_reg[30]) is unused and will be removed from module TOP.
---------------------------------------------------------------------------------
Finished Cross Boundary and Area Optimization : Time (s): cpu = 00:00:17 ; elapsed = 00:00:18 . Memory (MB): peak = 1294.117 ; gain = 0.000
---------------------------------------------------------------------------------
---------------------------------------------------------------------------------
Start Applying XDC Timing Constraints
---------------------------------------------------------------------------------
---------------------------------------------------------------------------------
Finished Applying XDC Timing Constraints : Time (s): cpu = 00:00:23 ; elapsed = 00:00:23 . Memory (MB): peak = 1294.117 ; gain = 0.000
---------------------------------------------------------------------------------
---------------------------------------------------------------------------------
Start Timing Optimization
---------------------------------------------------------------------------------
---------------------------------------------------------------------------------
Finished Timing Optimization : Time (s): cpu = 00:00:23 ; elapsed = 00:00:24 . Memory (MB): peak = 1294.117 ; gain = 0.000
---------------------------------------------------------------------------------
---------------------------------------------------------------------------------
Start Technology Mapping
---------------------------------------------------------------------------------
---------------------------------------------------------------------------------
Finished Technology Mapping : Time (s): cpu = 00:00:23 ; elapsed = 00:00:24 . Memory (MB): peak = 1294.117 ; gain = 0.000
---------------------------------------------------------------------------------
---------------------------------------------------------------------------------
Start IO Insertion
---------------------------------------------------------------------------------
---------------------------------------------------------------------------------
Start Flattening Before IO Insertion
---------------------------------------------------------------------------------
---------------------------------------------------------------------------------
Finished Flattening Before IO Insertion
---------------------------------------------------------------------------------
---------------------------------------------------------------------------------
Start Final Netlist Cleanup
---------------------------------------------------------------------------------
---------------------------------------------------------------------------------
Finished Final Netlist Cleanup
---------------------------------------------------------------------------------
---------------------------------------------------------------------------------
Finished IO Insertion : Time (s): cpu = 00:00:28 ; elapsed = 00:00:28 . Memory (MB): peak = 1294.117 ; gain = 0.000
---------------------------------------------------------------------------------
---------------------------------------------------------------------------------
Start Renaming Generated Instances
---------------------------------------------------------------------------------
---------------------------------------------------------------------------------
Finished Renaming Generated Instances : Time (s): cpu = 00:00:28 ; elapsed = 00:00:28 . Memory (MB): peak = 1294.117 ; gain = 0.000
---------------------------------------------------------------------------------
---------------------------------------------------------------------------------
Start Rebuilding User Hierarchy
---------------------------------------------------------------------------------
---------------------------------------------------------------------------------
Finished Rebuilding User Hierarchy : Time (s): cpu = 00:00:28 ; elapsed = 00:00:28 . Memory (MB): peak = 1294.117 ; gain = 0.000
---------------------------------------------------------------------------------
---------------------------------------------------------------------------------
Start Renaming Generated Ports
---------------------------------------------------------------------------------
---------------------------------------------------------------------------------
Finished Renaming Generated Ports : Time (s): cpu = 00:00:28 ; elapsed = 00:00:28 . Memory (MB): peak = 1294.117 ; gain = 0.000
---------------------------------------------------------------------------------
---------------------------------------------------------------------------------
Start Handling Custom Attributes
---------------------------------------------------------------------------------
---------------------------------------------------------------------------------
Finished Handling Custom Attributes : Time (s): cpu = 00:00:28 ; elapsed = 00:00:28 . Memory (MB): peak = 1294.117 ; gain = 0.000
---------------------------------------------------------------------------------
---------------------------------------------------------------------------------
Start Renaming Generated Nets
---------------------------------------------------------------------------------
---------------------------------------------------------------------------------
Finished Renaming Generated Nets : Time (s): cpu = 00:00:28 ; elapsed = 00:00:28 . Memory (MB): peak = 1294.117 ; gain = 0.000
---------------------------------------------------------------------------------
---------------------------------------------------------------------------------
Start Writing Synthesis Report
---------------------------------------------------------------------------------

Report BlackBoxes: 
+-+--------------+----------+
| |BlackBox name |Instances |
+-+--------------+----------+
+-+--------------+----------+

Report Cell Usage: 
+------+-----+------+
|      |Cell |Count |
+------+-----+------+
|1     |BUFG |     1|
|2     |LUT1 |     1|
|3     |LUT2 |    10|
|4     |LUT3 |    18|
|5     |LUT4 |    37|
|6     |LUT5 |    16|
|7     |LUT6 |    35|
|8     |FDCE |   114|
|9     |FDPE |     9|
|10    |FDRE |     8|
|11    |LD   |     4|
|12    |IBUF |    10|
|13    |OBUF |     3|
+------+-----+------+
---------------------------------------------------------------------------------
Finished Writing Synthesis Report : Time (s): cpu = 00:00:28 ; elapsed = 00:00:28 . Memory (MB): peak = 1294.117 ; gain = 0.000
---------------------------------------------------------------------------------
Synthesis finished with 0 errors, 0 critical warnings and 4 warnings.
Synthesis Optimization Runtime : Time (s): cpu = 00:00:19 ; elapsed = 00:00:27 . Memory (MB): peak = 1294.117 ; gain = 0.000
Synthesis Optimization Complete : Time (s): cpu = 00:00:28 ; elapsed = 00:00:29 . Memory (MB): peak = 1294.117 ; gain = 0.000
INFO: [Project 1-571] Translating synthesized netlist
Netlist sorting complete. Time (s): cpu = 00:00:00 ; elapsed = 00:00:00.002 . Memory (MB): peak = 1300.793 ; gain = 0.000
INFO: [Netlist 29-17] Analyzing 4 Unisim elements for replacement
INFO: [Netlist 29-28] Unisim Transformation completed in 0 CPU seconds
INFO: [Project 1-570] Preparing netlist for logic optimization
INFO: [Opt 31-138] Pushed 0 inverter(s) to 0 load pin(s).
Netlist sorting complete. Time (s): cpu = 00:00:00 ; elapsed = 00:00:00 . Memory (MB): peak = 1305.484 ; gain = 0.000
INFO: [Project 1-111] Unisim Transformation Summary:
  A total of 4 instances were transformed.
  LD => LDCE: 4 instances

Synth Design complete, checksum: b0dbd11c
INFO: [Common 17-83] Releasing license: Synthesis
59 Infos, 4 Warnings, 0 Critical Warnings and 0 Errors encountered.
synth_design completed successfully
synth_design: Time (s): cpu = 00:00:32 ; elapsed = 00:00:33 . Memory (MB): peak = 1305.484 ; gain = 11.367
INFO: [Common 17-1381] The checkpoint 'C:/Users/sed/Downloads/trab/trabajos/trabajos.runs/synth_1/TOP.dcp' has been generated.
INFO: [runtcl-4] Executing : report_utilization -file TOP_utilization_synth.rpt -pb TOP_utilization_synth.pb
INFO: [Common 17-206] Exiting Vivado at Wed Dec  7 13:47:28 2022...
